[08-Jul-2018 03:01:15 UTC] PHP Notice:  Undefined index: sessionStorage in /home/ubuntu/workspace/cst336/hw/hw3/index.php on line 6
[08-Jul-2018 03:01:15 UTC] PHP Stack trace:
[08-Jul-2018 03:01:15 UTC] PHP   1. {main}() /home/ubuntu/workspace/cst336/hw/hw3/index.php:0
[08-Jul-2018 03:01:27 UTC] PHP Notice:  Undefined index: sessionStorage in /home/ubuntu/workspace/cst336/hw/hw3/index.php on line 6
[08-Jul-2018 03:01:27 UTC] PHP Stack trace:
[08-Jul-2018 03:01:27 UTC] PHP   1. {main}() /home/ubuntu/workspace/cst336/hw/hw3/index.php:0
[08-Jul-2018 03:06:45 UTC] PHP Notice:  Undefined index: sessionStorage in /home/ubuntu/workspace/cst336/hw/hw3/index.php on line 6
[08-Jul-2018 03:06:45 UTC] PHP Stack trace:
[08-Jul-2018 03:06:45 UTC] PHP   1. {main}() /home/ubuntu/workspace/cst336/hw/hw3/index.php:0
[08-Jul-2018 03:07:19 UTC] PHP Notice:  Undefined index: sessionStorage in /home/ubuntu/workspace/cst336/hw/hw3/index.php on line 6
[08-Jul-2018 03:07:19 UTC] PHP Stack trace:
[08-Jul-2018 03:07:19 UTC] PHP   1. {main}() /home/ubuntu/workspace/cst336/hw/hw3/index.php:0
[08-Jul-2018 03:07:24 UTC] PHP Notice:  Undefined index: sessionStorage in /home/ubuntu/workspace/cst336/hw/hw3/index.php on line 6
[08-Jul-2018 03:07:24 UTC] PHP Stack trace:
[08-Jul-2018 03:07:24 UTC] PHP   1. {main}() /home/ubuntu/workspace/cst336/hw/hw3/index.php:0
[08-Jul-2018 03:07:35 UTC] PHP Notice:  Undefined index: sessionStorage in /home/ubuntu/workspace/cst336/hw/hw3/index.php on line 6
[08-Jul-2018 03:07:35 UTC] PHP Stack trace:
[08-Jul-2018 03:07:35 UTC] PHP   1. {main}() /home/ubuntu/workspace/cst336/hw/hw3/index.php:0
[08-Jul-2018 03:23:38 UTC] PHP Notice:  Undefined index: radioButtons in /home/ubuntu/workspace/cst336/hw/hw3/index.php on line 72
[08-Jul-2018 03:23:38 UTC] PHP Stack trace:
[08-Jul-2018 03:23:38 UTC] PHP   1. {main}() /home/ubuntu/workspace/cst336/hw/hw3/index.php:0
[08-Jul-2018 03:23:38 UTC] PHP Notice:  Undefined index: radioButtons in /home/ubuntu/workspace/cst336/hw/hw3/index.php on line 73
[08-Jul-2018 03:23:38 UTC] PHP Stack trace:
[08-Jul-2018 03:23:38 UTC] PHP   1. {main}() /home/ubuntu/workspace/cst336/hw/hw3/index.php:0
[08-Jul-2018 03:23:38 UTC] PHP Notice:  Undefined index: radioButtons in /home/ubuntu/workspace/cst336/hw/hw3/index.php on line 74
[08-Jul-2018 03:23:38 UTC] PHP Stack trace:
[08-Jul-2018 03:23:38 UTC] PHP   1. {main}() /home/ubuntu/workspace/cst336/hw/hw3/index.php:0
[08-Jul-2018 03:44:39 UTC] PHP Notice:  Undefined index: validate_form in /home/ubuntu/workspace/cst336/hw/hw3/index.php on line 78
[08-Jul-2018 03:44:39 UTC] PHP Stack trace:
[08-Jul-2018 03:44:39 UTC] PHP   1. {main}() /home/ubuntu/workspace/cst336/hw/hw3/index.php:0
[08-Jul-2018 03:44:39 UTC] PHP Notice:  Undefined index: PHP_SELF in /home/ubuntu/workspace/cst336/hw/hw3/index.php on line 80
[08-Jul-2018 03:44:39 UTC] PHP Stack trace:
[08-Jul-2018 03:44:39 UTC] PHP   1. {main}() /home/ubuntu/workspace/cst336/hw/hw3/index.php:0
[08-Jul-2018 03:44:39 UTC] PHP Notice:  Undefined variable: text in /home/ubuntu/workspace/cst336/hw/hw3/index.php on line 84
[08-Jul-2018 03:44:39 UTC] PHP Stack trace:
[08-Jul-2018 03:44:39 UTC] PHP   1. {main}() /home/ubuntu/workspace/cst336/hw/hw3/index.php:0
[08-Jul-2018 03:44:39 UTC] PHP Notice:  Undefined variable: radios in /home/ubuntu/workspace/cst336/hw/hw3/index.php on line 93
[08-Jul-2018 03:44:39 UTC] PHP Stack trace:
[08-Jul-2018 03:44:39 UTC] PHP   1. {main}() /home/ubuntu/workspace/cst336/hw/hw3/index.php:0
[08-Jul-2018 03:44:39 UTC] PHP Notice:  Undefined variable: radios in /home/ubuntu/workspace/cst336/hw/hw3/index.php on line 93
[08-Jul-2018 03:44:39 UTC] PHP Stack trace:
[08-Jul-2018 03:44:39 UTC] PHP   1. {main}() /home/ubuntu/workspace/cst336/hw/hw3/index.php:0
[08-Jul-2018 03:44:39 UTC] PHP Notice:  Undefined variable: radios in /home/ubuntu/workspace/cst336/hw/hw3/index.php on line 93
[08-Jul-2018 03:44:39 UTC] PHP Stack trace:
[08-Jul-2018 03:44:39 UTC] PHP   1. {main}() /home/ubuntu/workspace/cst336/hw/hw3/index.php:0
[08-Jul-2018 03:44:39 UTC] PHP Notice:  Undefined variable: checkboxes in /home/ubuntu/workspace/cst336/hw/hw3/index.php on line 110
[08-Jul-2018 03:44:39 UTC] PHP Stack trace:
[08-Jul-2018 03:44:39 UTC] PHP   1. {main}() /home/ubuntu/workspace/cst336/hw/hw3/index.php:0
[08-Jul-2018 03:44:39 UTC] PHP Warning:  Invalid argument supplied for foreach() in /home/ubuntu/workspace/cst336/hw/hw3/index.php on line 110
[08-Jul-2018 03:44:39 UTC] PHP Stack trace:
[08-Jul-2018 03:44:39 UTC] PHP   1. {main}() /home/ubuntu/workspace/cst336/hw/hw3/index.php:0
[08-Jul-2018 03:44:39 UTC] PHP Notice:  Undefined variable: menu in /home/ubuntu/workspace/cst336/hw/hw3/index.php on line 130
[08-Jul-2018 03:44:39 UTC] PHP Stack trace:
[08-Jul-2018 03:44:39 UTC] PHP   1. {main}() /home/ubuntu/workspace/cst336/hw/hw3/index.php:0
[08-Jul-2018 03:44:39 UTC] PHP Notice:  Undefined variable: menu in /home/ubuntu/workspace/cst336/hw/hw3/index.php on line 130
[08-Jul-2018 03:44:39 UTC] PHP Stack trace:
[08-Jul-2018 03:44:39 UTC] PHP   1. {main}() /home/ubuntu/workspace/cst336/hw/hw3/index.php:0
[08-Jul-2018 03:44:39 UTC] PHP Notice:  Undefined variable: menu in /home/ubuntu/workspace/cst336/hw/hw3/index.php on line 130
[08-Jul-2018 03:44:39 UTC] PHP Stack trace:
[08-Jul-2018 03:44:39 UTC] PHP   1. {main}() /home/ubuntu/workspace/cst336/hw/hw3/index.php:0
[08-Jul-2018 03:44:39 UTC] PHP Notice:  Undefined variable: menu in /home/ubuntu/workspace/cst336/hw/hw3/index.php on line 130
[08-Jul-2018 03:44:39 UTC] PHP Stack trace:
[08-Jul-2018 03:44:39 UTC] PHP   1. {main}() /home/ubuntu/workspace/cst336/hw/hw3/index.php:0
[08-Jul-2018 03:44:39 UTC] PHP Notice:  Undefined variable: menu in /home/ubuntu/workspace/cst336/hw/hw3/index.php on line 130
[08-Jul-2018 03:44:39 UTC] PHP Stack trace:
[08-Jul-2018 03:44:39 UTC] PHP   1. {main}() /home/ubuntu/workspace/cst336/hw/hw3/index.php:0
[08-Jul-2018 03:45:31 UTC] PHP Notice:  Undefined index: validate_form in /home/ubuntu/workspace/cst336/hw/hw3/index.php on line 78
[08-Jul-2018 03:45:31 UTC] PHP Stack trace:
[08-Jul-2018 03:45:31 UTC] PHP   1. {main}() /home/ubuntu/workspace/cst336/hw/hw3/index.php:0
[08-Jul-2018 03:45:31 UTC] PHP Notice:  Undefined index: PHP_SELF in /home/ubuntu/workspace/cst336/hw/hw3/index.php on line 80
[08-Jul-2018 03:45:31 UTC] PHP Stack trace:
[08-Jul-2018 03:45:31 UTC] PHP   1. {main}() /home/ubuntu/workspace/cst336/hw/hw3/index.php:0
[08-Jul-2018 03:45:31 UTC] PHP Notice:  Undefined variable: text in /home/ubuntu/workspace/cst336/hw/hw3/index.php on line 84
[08-Jul-2018 03:45:31 UTC] PHP Stack trace:
[08-Jul-2018 03:45:31 UTC] PHP   1. {main}() /home/ubuntu/workspace/cst336/hw/hw3/index.php:0
[08-Jul-2018 03:45:31 UTC] PHP Notice:  Undefined variable: radios in /home/ubuntu/workspace/cst336/hw/hw3/index.php on line 93
[08-Jul-2018 03:45:31 UTC] PHP Stack trace:
[08-Jul-2018 03:45:31 UTC] PHP   1. {main}() /home/ubuntu/workspace/cst336/hw/hw3/index.php:0
[08-Jul-2018 03:45:31 UTC] PHP Notice:  Undefined variable: radios in /home/ubuntu/workspace/cst336/hw/hw3/index.php on line 93
[08-Jul-2018 03:45:31 UTC] PHP Stack trace:
[08-Jul-2018 03:45:31 UTC] PHP   1. {main}() /home/ubuntu/workspace/cst336/hw/hw3/index.php:0
[08-Jul-2018 03:45:31 UTC] PHP Notice:  Undefined variable: radios in /home/ubuntu/workspace/cst336/hw/hw3/index.php on line 93
[08-Jul-2018 03:45:31 UTC] PHP Stack trace:
[08-Jul-2018 03:45:31 UTC] PHP   1. {main}() /home/ubuntu/workspace/cst336/hw/hw3/index.php:0
[08-Jul-2018 03:45:31 UTC] PHP Notice:  Undefined variable: checkboxes in /home/ubuntu/workspace/cst336/hw/hw3/index.php on line 110
[08-Jul-2018 03:45:31 UTC] PHP Stack trace:
[08-Jul-2018 03:45:31 UTC] PHP   1. {main}() /home/ubuntu/workspace/cst336/hw/hw3/index.php:0
[08-Jul-2018 03:45:31 UTC] PHP Warning:  Invalid argument supplied for foreach() in /home/ubuntu/workspace/cst336/hw/hw3/index.php on line 110
[08-Jul-2018 03:45:31 UTC] PHP Stack trace:
[08-Jul-2018 03:45:31 UTC] PHP   1. {main}() /home/ubuntu/workspace/cst336/hw/hw3/index.php:0
[08-Jul-2018 03:45:31 UTC] PHP Notice:  Undefined variable: menu in /home/ubuntu/workspace/cst336/hw/hw3/index.php on line 130
[08-Jul-2018 03:45:31 UTC] PHP Stack trace:
[08-Jul-2018 03:45:31 UTC] PHP   1. {main}() /home/ubuntu/workspace/cst336/hw/hw3/index.php:0
[08-Jul-2018 03:45:31 UTC] PHP Notice:  Undefined variable: menu in /home/ubuntu/workspace/cst336/hw/hw3/index.php on line 130
[08-Jul-2018 03:45:31 UTC] PHP Stack trace:
[08-Jul-2018 03:45:31 UTC] PHP   1. {main}() /home/ubuntu/workspace/cst336/hw/hw3/index.php:0
[08-Jul-2018 03:45:31 UTC] PHP Notice:  Undefined variable: menu in /home/ubuntu/workspace/cst336/hw/hw3/index.php on line 130
[08-Jul-2018 03:45:31 UTC] PHP Stack trace:
[08-Jul-2018 03:45:31 UTC] PHP   1. {main}() /home/ubuntu/workspace/cst336/hw/hw3/index.php:0
[08-Jul-2018 03:45:31 UTC] PHP Notice:  Undefined variable: menu in /home/ubuntu/workspace/cst336/hw/hw3/index.php on line 130
[08-Jul-2018 03:45:31 UTC] PHP Stack trace:
[08-Jul-2018 03:45:31 UTC] PHP   1. {main}() /home/ubuntu/workspace/cst336/hw/hw3/index.php:0
[08-Jul-2018 03:45:31 UTC] PHP Notice:  Undefined variable: menu in /home/ubuntu/workspace/cst336/hw/hw3/index.php on line 130
[08-Jul-2018 03:45:31 UTC] PHP Stack trace:
[08-Jul-2018 03:45:31 UTC] PHP   1. {main}() /home/ubuntu/workspace/cst336/hw/hw3/index.php:0
[08-Jul-2018 03:45:34 UTC] PHP Notice:  Undefined index: validate_form in /home/ubuntu/workspace/cst336/hw/hw3/index.php on line 78
[08-Jul-2018 03:45:34 UTC] PHP Stack trace:
[08-Jul-2018 03:45:34 UTC] PHP   1. {main}() /home/ubuntu/workspace/cst336/hw/hw3/index.php:0
[08-Jul-2018 03:45:34 UTC] PHP Notice:  Undefined index: PHP_SELF in /home/ubuntu/workspace/cst336/hw/hw3/index.php on line 80
[08-Jul-2018 03:45:34 UTC] PHP Stack trace:
[08-Jul-2018 03:45:34 UTC] PHP   1. {main}() /home/ubuntu/workspace/cst336/hw/hw3/index.php:0
[08-Jul-2018 03:45:34 UTC] PHP Notice:  Undefined variable: text in /home/ubuntu/workspace/cst336/hw/hw3/index.php on line 84
[08-Jul-2018 03:45:34 UTC] PHP Stack trace:
[08-Jul-2018 03:45:34 UTC] PHP   1. {main}() /home/ubuntu/workspace/cst336/hw/hw3/index.php:0
[08-Jul-2018 03:45:34 UTC] PHP Notice:  Undefined variable: radios in /home/ubuntu/workspace/cst336/hw/hw3/index.php on line 93
[08-Jul-2018 03:45:34 UTC] PHP Stack trace:
[08-Jul-2018 03:45:34 UTC] PHP   1. {main}() /home/ubuntu/workspace/cst336/hw/hw3/index.php:0
[08-Jul-2018 03:45:34 UTC] PHP Notice:  Undefined variable: radios in /home/ubuntu/workspace/cst336/hw/hw3/index.php on line 93
[08-Jul-2018 03:45:34 UTC] PHP Stack trace:
[08-Jul-2018 03:45:34 UTC] PHP   1. {main}() /home/ubuntu/workspace/cst336/hw/hw3/index.php:0
[08-Jul-2018 03:45:34 UTC] PHP Notice:  Undefined variable: radios in /home/ubuntu/workspace/cst336/hw/hw3/index.php on line 93
[08-Jul-2018 03:45:34 UTC] PHP Stack trace:
[08-Jul-2018 03:45:34 UTC] PHP   1. {main}() /home/ubuntu/workspace/cst336/hw/hw3/index.php:0
[08-Jul-2018 03:45:34 UTC] PHP Notice:  Undefined variable: checkboxes in /home/ubuntu/workspace/cst336/hw/hw3/index.php on line 110
[08-Jul-2018 03:45:34 UTC] PHP Stack trace:
[08-Jul-2018 03:45:34 UTC] PHP   1. {main}() /home/ubuntu/workspace/cst336/hw/hw3/index.php:0
[08-Jul-2018 03:45:34 UTC] PHP Warning:  Invalid argument supplied for foreach() in /home/ubuntu/workspace/cst336/hw/hw3/index.php on line 110
[08-Jul-2018 03:45:34 UTC] PHP Stack trace:
[08-Jul-2018 03:45:34 UTC] PHP   1. {main}() /home/ubuntu/workspace/cst336/hw/hw3/index.php:0
[08-Jul-2018 03:45:34 UTC] PHP Notice:  Undefined variable: menu in /home/ubuntu/workspace/cst336/hw/hw3/index.php on line 130
[08-Jul-2018 03:45:34 UTC] PHP Stack trace:
[08-Jul-2018 03:45:34 UTC] PHP   1. {main}() /home/ubuntu/workspace/cst336/hw/hw3/index.php:0
[08-Jul-2018 03:45:34 UTC] PHP Notice:  Undefined variable: menu in /home/ubuntu/workspace/cst336/hw/hw3/index.php on line 130
[08-Jul-2018 03:45:34 UTC] PHP Stack trace:
[08-Jul-2018 03:45:34 UTC] PHP   1. {main}() /home/ubuntu/workspace/cst336/hw/hw3/index.php:0
[08-Jul-2018 03:45:34 UTC] PHP Notice:  Undefined variable: menu in /home/ubuntu/workspace/cst336/hw/hw3/index.php on line 130
[08-Jul-2018 03:45:34 UTC] PHP Stack trace:
[08-Jul-2018 03:45:34 UTC] PHP   1. {main}() /home/ubuntu/workspace/cst336/hw/hw3/index.php:0
[08-Jul-2018 03:45:34 UTC] PHP Notice:  Undefined variable: menu in /home/ubuntu/workspace/cst336/hw/hw3/index.php on line 130
[08-Jul-2018 03:45:34 UTC] PHP Stack trace:
[08-Jul-2018 03:45:34 UTC] PHP   1. {main}() /home/ubuntu/workspace/cst336/hw/hw3/index.php:0
[08-Jul-2018 03:45:34 UTC] PHP Notice:  Undefined variable: menu in /home/ubuntu/workspace/cst336/hw/hw3/index.php on line 130
[08-Jul-2018 03:45:34 UTC] PHP Stack trace:
[08-Jul-2018 03:45:34 UTC] PHP   1. {main}() /home/ubuntu/workspace/cst336/hw/hw3/index.php:0
[08-Jul-2018 04:12:02 UTC] PHP Notice:  Undefined index: dropDown in /home/ubuntu/workspace/cst336/hw/hw3/index.php on line 65
[08-Jul-2018 04:12:02 UTC] PHP Stack trace:
[08-Jul-2018 04:12:02 UTC] PHP   1. {main}() /home/ubuntu/workspace/cst336/hw/hw3/index.php:0
[08-Jul-2018 04:12:02 UTC] PHP Notice:  Undefined index: dropDown in /home/ubuntu/workspace/cst336/hw/hw3/index.php on line 66
[08-Jul-2018 04:12:02 UTC] PHP Stack trace:
[08-Jul-2018 04:12:02 UTC] PHP   1. {main}() /home/ubuntu/workspace/cst336/hw/hw3/index.php:0
[08-Jul-2018 04:12:02 UTC] PHP Notice:  Undefined index: dropDown in /home/ubuntu/workspace/cst336/hw/hw3/index.php on line 67
[08-Jul-2018 04:12:02 UTC] PHP Stack trace:
[08-Jul-2018 04:12:02 UTC] PHP   1. {main}() /home/ubuntu/workspace/cst336/hw/hw3/index.php:0
[08-Jul-2018 04:12:02 UTC] PHP Notice:  Undefined index: dropDown in /home/ubuntu/workspace/cst336/hw/hw3/index.php on line 68
[08-Jul-2018 04:12:02 UTC] PHP Stack trace:
[08-Jul-2018 04:12:02 UTC] PHP   1. {main}() /home/ubuntu/workspace/cst336/hw/hw3/index.php:0
[08-Jul-2018 04:12:02 UTC] PHP Notice:  Undefined index: dropDown in /home/ubuntu/workspace/cst336/hw/hw3/index.php on line 69
[08-Jul-2018 04:12:02 UTC] PHP Stack trace:
[08-Jul-2018 04:12:02 UTC] PHP   1. {main}() /home/ubuntu/workspace/cst336/hw/hw3/index.php:0
[08-Jul-2018 04:12:02 UTC] PHP Notice:  Undefined index: radioButtons in /home/ubuntu/workspace/cst336/hw/hw3/index.php on line 74
[08-Jul-2018 04:12:02 UTC] PHP Stack trace:
[08-Jul-2018 04:12:02 UTC] PHP   1. {main}() /home/ubuntu/workspace/cst336/hw/hw3/index.php:0
[08-Jul-2018 04:12:02 UTC] PHP Notice:  Undefined index: radioButtons in /home/ubuntu/workspace/cst336/hw/hw3/index.php on line 75
[08-Jul-2018 04:12:02 UTC] PHP Stack trace:
[08-Jul-2018 04:12:02 UTC] PHP   1. {main}() /home/ubuntu/workspace/cst336/hw/hw3/index.php:0
[08-Jul-2018 04:12:02 UTC] PHP Notice:  Undefined index: radioButtons in /home/ubuntu/workspace/cst336/hw/hw3/index.php on line 76
[08-Jul-2018 04:12:02 UTC] PHP Stack trace:
[08-Jul-2018 04:12:02 UTC] PHP   1. {main}() /home/ubuntu/workspace/cst336/hw/hw3/index.php:0
[08-Jul-2018 04:12:38 UTC] PHP Notice:  Undefined index: dropDown in /home/ubuntu/workspace/cst336/hw/hw3/index.php on line 65
[08-Jul-2018 04:12:38 UTC] PHP Stack trace:
[08-Jul-2018 04:12:38 UTC] PHP   1. {main}() /home/ubuntu/workspace/cst336/hw/hw3/index.php:0
[08-Jul-2018 04:12:38 UTC] PHP Notice:  Undefined index: dropDown in /home/ubuntu/workspace/cst336/hw/hw3/index.php on line 66
[08-Jul-2018 04:12:38 UTC] PHP Stack trace:
[08-Jul-2018 04:12:38 UTC] PHP   1. {main}() /home/ubuntu/workspace/cst336/hw/hw3/index.php:0
[08-Jul-2018 04:12:38 UTC] PHP Notice:  Undefined index: dropDown in /home/ubuntu/workspace/cst336/hw/hw3/index.php on line 67
[08-Jul-2018 04:12:38 UTC] PHP Stack trace:
[08-Jul-2018 04:12:38 UTC] PHP   1. {main}() /home/ubuntu/workspace/cst336/hw/hw3/index.php:0
[08-Jul-2018 04:12:38 UTC] PHP Notice:  Undefined index: dropDown in /home/ubuntu/workspace/cst336/hw/hw3/index.php on line 68
[08-Jul-2018 04:12:38 UTC] PHP Stack trace:
[08-Jul-2018 04:12:38 UTC] PHP   1. {main}() /home/ubuntu/workspace/cst336/hw/hw3/index.php:0
[08-Jul-2018 04:12:38 UTC] PHP Notice:  Undefined index: dropDown in /home/ubuntu/workspace/cst336/hw/hw3/index.php on line 69
[08-Jul-2018 04:12:38 UTC] PHP Stack trace:
[08-Jul-2018 04:12:38 UTC] PHP   1. {main}() /home/ubuntu/workspace/cst336/hw/hw3/index.php:0
[08-Jul-2018 04:12:38 UTC] PHP Notice:  Undefined index: radioButtons in /home/ubuntu/workspace/cst336/hw/hw3/index.php on line 74
[08-Jul-2018 04:12:38 UTC] PHP Stack trace:
[08-Jul-2018 04:12:38 UTC] PHP   1. {main}() /home/ubuntu/workspace/cst336/hw/hw3/index.php:0
[08-Jul-2018 04:12:38 UTC] PHP Notice:  Undefined index: radioButtons in /home/ubuntu/workspace/cst336/hw/hw3/index.php on line 75
[08-Jul-2018 04:12:38 UTC] PHP Stack trace:
[08-Jul-2018 04:12:38 UTC] PHP   1. {main}() /home/ubuntu/workspace/cst336/hw/hw3/index.php:0
[08-Jul-2018 04:12:38 UTC] PHP Notice:  Undefined index: radioButtons in /home/ubuntu/workspace/cst336/hw/hw3/index.php on line 76
[08-Jul-2018 04:12:38 UTC] PHP Stack trace:
[08-Jul-2018 04:12:38 UTC] PHP   1. {main}() /home/ubuntu/workspace/cst336/hw/hw3/index.php:0
[08-Jul-2018 04:29:32 UTC] PHP Notice:  Undefined index: validatdeForm in /home/ubuntu/workspace/cst336/hw/hw3/index.php on line 11
[08-Jul-2018 04:29:32 UTC] PHP Stack trace:
[08-Jul-2018 04:29:32 UTC] PHP   1. {main}() /home/ubuntu/workspace/cst336/hw/hw3/index.php:0
[08-Jul-2018 04:29:32 UTC] PHP   2. validateFormWithPHP() /home/ubuntu/workspace/cst336/hw/hw3/index.php:100
[08-Jul-2018 04:29:32 UTC] PHP Notice:  Undefined index: textBox in /home/ubuntu/workspace/cst336/hw/hw3/index.php on line 12
[08-Jul-2018 04:29:32 UTC] PHP Stack trace:
[08-Jul-2018 04:29:32 UTC] PHP   1. {main}() /home/ubuntu/workspace/cst336/hw/hw3/index.php:0
[08-Jul-2018 04:29:32 UTC] PHP   2. validateFormWithPHP() /home/ubuntu/workspace/cst336/hw/hw3/index.php:100
[08-Jul-2018 04:29:32 UTC] PHP Notice:  Undefined index: dropDown in /home/ubuntu/workspace/cst336/hw/hw3/index.php on line 13
[08-Jul-2018 04:29:32 UTC] PHP Stack trace:
[08-Jul-2018 04:29:32 UTC] PHP   1. {main}() /home/ubuntu/workspace/cst336/hw/hw3/index.php:0
[08-Jul-2018 04:29:32 UTC] PHP   2. validateFormWithPHP() /home/ubuntu/workspace/cst336/hw/hw3/index.php:100
[08-Jul-2018 04:29:32 UTC] PHP Notice:  Undefined index: radioButtons in /home/ubuntu/workspace/cst336/hw/hw3/index.php on line 15
[08-Jul-2018 04:29:32 UTC] PHP Stack trace:
[08-Jul-2018 04:29:32 UTC] PHP   1. {main}() /home/ubuntu/workspace/cst336/hw/hw3/index.php:0
[08-Jul-2018 04:29:32 UTC] PHP   2. validateFormWithPHP() /home/ubuntu/workspace/cst336/hw/hw3/index.php:100
[08-Jul-2018 04:32:52 UTC] PHP Notice:  Undefined index: validatdeForm in /home/ubuntu/workspace/cst336/hw/hw3/index.php on line 11
[08-Jul-2018 04:32:52 UTC] PHP Stack trace:
[08-Jul-2018 04:32:52 UTC] PHP   1. {main}() /home/ubuntu/workspace/cst336/hw/hw3/index.php:0
[08-Jul-2018 04:32:52 UTC] PHP   2. validateFormWithPHP() /home/ubuntu/workspace/cst336/hw/hw3/index.php:100
[08-Jul-2018 04:32:52 UTC] PHP Notice:  Undefined index: textBox in /home/ubuntu/workspace/cst336/hw/hw3/index.php on line 12
[08-Jul-2018 04:32:52 UTC] PHP Stack trace:
[08-Jul-2018 04:32:52 UTC] PHP   1. {main}() /home/ubuntu/workspace/cst336/hw/hw3/index.php:0
[08-Jul-2018 04:32:52 UTC] PHP   2. validateFormWithPHP() /home/ubuntu/workspace/cst336/hw/hw3/index.php:100
[08-Jul-2018 04:32:52 UTC] PHP Notice:  Undefined index: dropDown in /home/ubuntu/workspace/cst336/hw/hw3/index.php on line 13
[08-Jul-2018 04:32:52 UTC] PHP Stack trace:
[08-Jul-2018 04:32:52 UTC] PHP   1. {main}() /home/ubuntu/workspace/cst336/hw/hw3/index.php:0
[08-Jul-2018 04:32:52 UTC] PHP   2. validateFormWithPHP() /home/ubuntu/workspace/cst336/hw/hw3/index.php:100
[08-Jul-2018 04:32:52 UTC] PHP Notice:  Undefined index: radioButtons in /home/ubuntu/workspace/cst336/hw/hw3/index.php on line 15
[08-Jul-2018 04:32:52 UTC] PHP Stack trace:
[08-Jul-2018 04:32:52 UTC] PHP   1. {main}() /home/ubuntu/workspace/cst336/hw/hw3/index.php:0
[08-Jul-2018 04:32:52 UTC] PHP   2. validateFormWithPHP() /home/ubuntu/workspace/cst336/hw/hw3/index.php:100
[08-Jul-2018 04:32:55 UTC] PHP Notice:  Undefined index: validatdeForm in /home/ubuntu/workspace/cst336/hw/hw3/index.php on line 11
[08-Jul-2018 04:32:55 UTC] PHP Stack trace:
[08-Jul-2018 04:32:55 UTC] PHP   1. {main}() /home/ubuntu/workspace/cst336/hw/hw3/index.php:0
[08-Jul-2018 04:32:55 UTC] PHP   2. validateFormWithPHP() /home/ubuntu/workspace/cst336/hw/hw3/index.php:100
[08-Jul-2018 04:32:55 UTC] PHP Notice:  Undefined index: textBox in /home/ubuntu/workspace/cst336/hw/hw3/index.php on line 12
[08-Jul-2018 04:32:55 UTC] PHP Stack trace:
[08-Jul-2018 04:32:55 UTC] PHP   1. {main}() /home/ubuntu/workspace/cst336/hw/hw3/index.php:0
[08-Jul-2018 04:32:55 UTC] PHP   2. validateFormWithPHP() /home/ubuntu/workspace/cst336/hw/hw3/index.php:100
[08-Jul-2018 04:32:55 UTC] PHP Notice:  Undefined index: dropDown in /home/ubuntu/workspace/cst336/hw/hw3/index.php on line 13
[08-Jul-2018 04:32:55 UTC] PHP Stack trace:
[08-Jul-2018 04:32:55 UTC] PHP   1. {main}() /home/ubuntu/workspace/cst336/hw/hw3/index.php:0
[08-Jul-2018 04:32:55 UTC] PHP   2. validateFormWithPHP() /home/ubuntu/workspace/cst336/hw/hw3/index.php:100
[08-Jul-2018 04:32:55 UTC] PHP Notice:  Undefined index: radioButtons in /home/ubuntu/workspace/cst336/hw/hw3/index.php on line 15
[08-Jul-2018 04:32:55 UTC] PHP Stack trace:
[08-Jul-2018 04:32:55 UTC] PHP   1. {main}() /home/ubuntu/workspace/cst336/hw/hw3/index.php:0
[08-Jul-2018 04:32:55 UTC] PHP   2. validateFormWithPHP() /home/ubuntu/workspace/cst336/hw/hw3/index.php:100
